2025-05-31 20:54:24,265 - 
Linear Regression Sonuçları:
2025-05-31 20:54:24,265 - MSE: 698646561.39
2025-05-31 20:54:24,265 - RMSE: 26431.92
2025-05-31 20:54:24,265 - R2 Score: 0.76
2025-05-31 20:54:25,023 - 
Random Forest Sonuçları:
2025-05-31 20:54:25,023 - MSE: 197378653.09
2025-05-31 20:54:25,023 - RMSE: 14049.15
2025-05-31 20:54:25,023 - R2 Score: 0.93
2025-05-31 20:54:25,227 - 
Gradient Boosting Sonuçları:
2025-05-31 20:54:25,227 - MSE: 215731442.98
2025-05-31 20:54:25,227 - RMSE: 14687.80
2025-05-31 20:54:25,227 - R2 Score: 0.92
2025-05-31 20:54:25,538 - 
SVR Sonuçları:
2025-05-31 20:54:25,538 - MSE: 3120305607.39
2025-05-31 20:54:25,538 - RMSE: 55859.70
2025-05-31 20:54:25,538 - R2 Score: -0.09
2025-05-31 20:54:26,121 - 
XGBoost Sonuçları:
2025-05-31 20:54:26,121 - MSE: 155889730.20
2025-05-31 20:54:26,121 - RMSE: 12485.58
2025-05-31 20:54:26,121 - R2 Score: 0.95
2025-05-31 20:54:26,122 - 
Cross-Validation Results (R2 Score, 5 folds):
2025-05-31 20:54:26,130 - Linear Regression: Mean R2 = 0.75, Std R2 = 0.02
2025-05-31 20:54:28,875 - Random Forest: Mean R2 = 0.93, Std R2 = 0.02
2025-05-31 20:54:29,715 - Gradient Boosting: Mean R2 = 0.92, Std R2 = 0.02
2025-05-31 20:54:30,598 - SVR: Mean R2 = -0.10, Std R2 = 0.02
2025-05-31 20:54:31,484 - XGBoost: Mean R2 = 0.94, Std R2 = 0.02
2025-05-31 20:54:31,485 - 
En iyi model: XGBoost
2025-05-31 20:54:31,485 - R2 Score: 0.95
2025-05-31 20:54:31,884 - 
--- Kullanıcı Girişi ile Fiyat Tahmini ---
