2025-05-30 11:06:38,964 - 
Linear Regression Sonuçları:
2025-05-30 11:06:38,965 - MSE: 698646561.39
2025-05-30 11:06:38,966 - RMSE: 26431.92
2025-05-30 11:06:38,966 - R2 Score: 0.76
2025-05-30 11:06:40,519 - 
Random Forest Sonuçları:
2025-05-30 11:06:40,519 - MSE: 197378653.09
2025-05-30 11:06:40,520 - RMSE: 14049.15
2025-05-30 11:06:40,520 - R2 Score: 0.93
2025-05-30 11:06:40,983 - 
Gradient Boosting Sonuçları:
2025-05-30 11:06:40,984 - MSE: 215731442.98
2025-05-30 11:06:40,984 - RMSE: 14687.80
2025-05-30 11:06:40,985 - R2 Score: 0.92
2025-05-30 11:06:41,646 - 
SVR Sonuçları:
2025-05-30 11:06:41,646 - MSE: 3120305607.39
2025-05-30 11:06:41,646 - RMSE: 55859.70
2025-05-30 11:06:41,646 - R2 Score: -0.09
2025-05-30 11:06:43,685 - 
XGBoost Sonuçları:
2025-05-30 11:06:43,687 - MSE: 155889730.20
2025-05-30 11:06:43,689 - RMSE: 12485.58
2025-05-30 11:06:43,690 - R2 Score: 0.95
2025-05-30 11:06:43,691 - 
En iyi model: XGBoost
2025-05-30 11:06:43,692 - R2 Score: 0.95
