2025-05-31 20:09:06,413 - 
Linear Regression Sonuçları:
2025-05-31 20:09:06,413 - MSE: 698646561.39
2025-05-31 20:09:06,413 - RMSE: 26431.92
2025-05-31 20:09:06,413 - R2 Score: 0.76
2025-05-31 20:09:07,171 - 
Random Forest Sonuçları:
2025-05-31 20:09:07,171 - MSE: 197378653.09
2025-05-31 20:09:07,171 - RMSE: 14049.15
2025-05-31 20:09:07,171 - R2 Score: 0.93
2025-05-31 20:09:09,030 - 
Gradient Boosting Sonuçları:
2025-05-31 20:09:09,030 - MSE: 215731442.98
2025-05-31 20:09:09,031 - RMSE: 14687.80
2025-05-31 20:09:09,031 - R2 Score: 0.92
2025-05-31 20:09:09,337 - 
SVR Sonuçları:
2025-05-31 20:09:09,337 - MSE: 3120305607.39
2025-05-31 20:09:09,337 - RMSE: 55859.70
2025-05-31 20:09:09,337 - R2 Score: -0.09
2025-05-31 20:09:09,784 - 
XGBoost Sonuçları:
2025-05-31 20:09:09,784 - MSE: 155889730.20
2025-05-31 20:09:09,784 - RMSE: 12485.58
2025-05-31 20:09:09,784 - R2 Score: 0.95
2025-05-31 20:09:09,785 - 
En iyi model: XGBoost
2025-05-31 20:09:09,785 - R2 Score: 0.95
