2025-05-31 20:14:03,919 - 
Linear Regression Sonuçları:
2025-05-31 20:14:03,920 - MSE: 698646561.39
2025-05-31 20:14:03,920 - RMSE: 26431.92
2025-05-31 20:14:03,920 - R2 Score: 0.76
2025-05-31 20:14:04,681 - 
Random Forest Sonuçları:
2025-05-31 20:14:04,681 - MSE: 197378653.09
2025-05-31 20:14:04,681 - RMSE: 14049.15
2025-05-31 20:14:04,681 - R2 Score: 0.93
2025-05-31 20:14:04,895 - 
Gradient Boosting Sonuçları:
2025-05-31 20:14:04,895 - MSE: 215731442.98
2025-05-31 20:14:04,895 - RMSE: 14687.80
2025-05-31 20:14:04,895 - R2 Score: 0.92
2025-05-31 20:14:05,191 - 
SVR Sonuçları:
2025-05-31 20:14:05,191 - MSE: 3120305607.39
2025-05-31 20:14:05,191 - RMSE: 55859.70
2025-05-31 20:14:05,191 - R2 Score: -0.09
2025-05-31 20:14:05,736 - 
XGBoost Sonuçları:
2025-05-31 20:14:05,736 - MSE: 155889730.20
2025-05-31 20:14:05,736 - RMSE: 12485.58
2025-05-31 20:14:05,737 - R2 Score: 0.95
2025-05-31 20:14:05,737 - 
Cross-Validation Results (R2 Score, 5 folds):
2025-05-31 20:14:05,748 - Linear Regression: Mean R2 = 0.75, Std R2 = 0.02
2025-05-31 20:14:08,636 - Random Forest: Mean R2 = 0.93, Std R2 = 0.02
2025-05-31 20:14:09,558 - Gradient Boosting: Mean R2 = 0.92, Std R2 = 0.02
2025-05-31 20:14:10,461 - SVR: Mean R2 = -0.10, Std R2 = 0.02
2025-05-31 20:14:11,079 - XGBoost: Mean R2 = 0.94, Std R2 = 0.02
2025-05-31 20:14:11,080 - 
En iyi model: XGBoost
2025-05-31 20:14:11,080 - R2 Score: 0.95
