2025-05-31 20:08:47,689 - 
Linear Regression Sonuçları:
2025-05-31 20:08:47,689 - MSE: 698646561.39
2025-05-31 20:08:47,689 - RMSE: 26431.92
2025-05-31 20:08:47,689 - R2 Score: 0.76
2025-05-31 20:08:48,434 - 
Random Forest Sonuçları:
2025-05-31 20:08:48,434 - MSE: 197378653.09
2025-05-31 20:08:48,434 - RMSE: 14049.15
2025-05-31 20:08:48,434 - R2 Score: 0.93
2025-05-31 20:08:48,640 - 
Gradient Boosting Sonuçları:
2025-05-31 20:08:48,640 - MSE: 215731442.98
2025-05-31 20:08:48,640 - RMSE: 14687.80
2025-05-31 20:08:48,640 - R2 Score: 0.92
2025-05-31 20:08:48,924 - 
SVR Sonuçları:
2025-05-31 20:08:48,924 - MSE: 3120305607.39
2025-05-31 20:08:48,924 - RMSE: 55859.70
2025-05-31 20:08:48,924 - R2 Score: -0.09
2025-05-31 20:08:49,656 - 
XGBoost Sonuçları:
2025-05-31 20:08:49,657 - MSE: 155889730.20
2025-05-31 20:08:49,658 - RMSE: 12485.58
2025-05-31 20:08:49,658 - R2 Score: 0.95
2025-05-31 20:08:49,658 - 
En iyi model: XGBoost
2025-05-31 20:08:49,658 - R2 Score: 0.95
