2025-05-30 12:14:25,110 - 
Linear Regression Sonuçları:
2025-05-30 12:14:25,111 - MSE: 698646561.39
2025-05-30 12:14:25,111 - RMSE: 26431.92
2025-05-30 12:14:25,111 - R2 Score: 0.76
2025-05-30 12:14:25,801 - 
Random Forest Sonuçları:
2025-05-30 12:14:25,801 - MSE: 197378653.09
2025-05-30 12:14:25,801 - RMSE: 14049.15
2025-05-30 12:14:25,801 - R2 Score: 0.93
2025-05-30 12:14:26,019 - 
Gradient Boosting Sonuçları:
2025-05-30 12:14:26,019 - MSE: 215731442.98
2025-05-30 12:14:26,019 - RMSE: 14687.80
2025-05-30 12:14:26,019 - R2 Score: 0.92
2025-05-30 12:14:26,302 - 
SVR Sonuçları:
2025-05-30 12:14:26,302 - MSE: 3120305607.39
2025-05-30 12:14:26,302 - RMSE: 55859.70
2025-05-30 12:14:26,302 - R2 Score: -0.09
2025-05-30 12:14:26,618 - 
XGBoost Sonuçları:
2025-05-30 12:14:26,618 - MSE: 155889730.20
2025-05-30 12:14:26,618 - RMSE: 12485.58
2025-05-30 12:14:26,619 - R2 Score: 0.95
2025-05-30 12:14:26,619 - 
En iyi model: XGBoost
2025-05-30 12:14:26,619 - R2 Score: 0.95
